

Started GET "/" for 10.240.0.211 at 2016-05-06 08:16:46 +0000
Processing by Rails::WelcomeController#index as HTML
  Rendered /usr/local/rvm/gems/ruby-2.3.0/gems/railties-4.2.0.beta2/lib/rails/templates/rails/welcome/index.html.erb (9.4ms)
Completed 200 OK in 71ms (Views: 54.8ms | ActiveRecord: 0.0ms)


Started GET "/" for 10.240.0.211 at 2016-05-06 08:29:32 +0000
Processing by WelcomeController#index as HTML
  Rendered welcome/index.html.erb within layouts/application (3.8ms)
Completed 200 OK in 1394ms (Views: 1378.8ms | ActiveRecord: 0.0ms)


Started GET "/assets/welcome.self-e3b0c44298fc1c149afbf4c8996fb92427ae41e4649b934ca495991b7852b855.css?body=1" for 10.240.0.213 at 2016-05-06 08:29:34 +0000


Started GET "/assets/welcome.self-877aef30ae1b040ab8a3aba4e3e309a11d7f2612f44dde450b5c157aa5f95c05.js?body=1" for 10.240.0.213 at 2016-05-06 08:29:34 +0000


Started GET "/" for 10.240.0.214 at 2016-05-06 08:46:18 +0000
Processing by WelcomeController#index as HTML
  Rendered welcome/index.html.erb within layouts/application (7.0ms)
Completed 200 OK in 509ms (Views: 484.4ms | ActiveRecord: 0.0ms)


Started GET "/assets/application.self-baad7cc5aaabe39a05438aad79a8eddc0627b760122f9e7277549906cf6650af.css?body=1" for 10.240.0.230 at 2016-05-06 08:46:19 +0000


Started GET "/assets/bootstrap.min.self-d475868eedd65d9ab19f96e8574a2c8ce91ba7d64b8bbfa47cd55591a956ed67.js?body=1" for 10.240.0.214 at 2016-05-06 08:46:19 +0000


Started GET "/assets/bootstrap.min.self-66fe84b79c6d5db31355296a8c9627d232721fe3ac3c31f3554ccc7e999279b6.css?body=1" for 10.240.0.136 at 2016-05-06 08:46:19 +0000


Started GET "/assets/application.self-120f3cf1cb67bea53c4a2a57336b34ca04b04b55a55c38cf76ce20a147e5eff9.js?body=1" for 10.240.0.211 at 2016-05-06 08:46:19 +0000


Started GET "/" for 10.240.0.212 at 2016-05-06 08:46:22 +0000
Processing by WelcomeController#index as HTML
  Rendered welcome/index.html.erb within layouts/application (1.3ms)
Completed 200 OK in 46ms (Views: 45.7ms | ActiveRecord: 0.0ms)


Started GET "/" for 10.240.0.214 at 2016-05-06 09:03:37 +0000
Processing by WelcomeController#index as HTML
  Rendered welcome/index.html.erb within layouts/application (3.5ms)
Completed 200 OK in 338ms (Views: 324.4ms | ActiveRecord: 0.0ms)


Started GET "/" for 10.240.0.213 at 2016-06-03 15:26:58 +0000

ActiveRecord::PendingMigrationError (

Migrations are pending. To resolve this issue, run:

	bin/rake db:migrate RAILS_ENV=development

):
  activerecord (4.2.0.beta2) lib/active_record/migration.rb:393:in `check_pending!'
  activerecord (4.2.0.beta2) lib/active_record/migration.rb:374:in `call'
  actionpack (4.2.0.beta2) lib/action_dispatch/middleware/callbacks.rb:29:in `block in call'
  activesupport (4.2.0.beta2) lib/active_support/callbacks.rb:83:in `run_callbacks'
  actionpack (4.2.0.beta2) lib/action_dispatch/middleware/callbacks.rb:27:in `call'
  actionpack (4.2.0.beta2) lib/action_dispatch/middleware/reloader.rb:73:in `call'
  actionpack (4.2.0.beta2) lib/action_dispatch/middleware/remote_ip.rb:78:in `call'
  web-console (2.0.0) lib/action_dispatch/debug_exceptions.rb:18:in `middleware_call'
  web-console (2.0.0) lib/action_dispatch/debug_exceptions.rb:13:in `call'
  actionpack (4.2.0.beta2) lib/action_dispatch/middleware/show_exceptions.rb:30:in `call'
  railties (4.2.0.beta2) lib/rails/rack/logger.rb:38:in `call_app'
  railties (4.2.0.beta2) lib/rails/rack/logger.rb:20:in `block in call'
  activesupport (4.2.0.beta2) lib/active_support/tagged_logging.rb:68:in `block in tagged'
  activesupport (4.2.0.beta2) lib/active_support/tagged_logging.rb:26:in `tagged'
  activesupport (4.2.0.beta2) lib/active_support/tagged_logging.rb:68:in `tagged'
  railties (4.2.0.beta2) lib/rails/rack/logger.rb:20:in `call'
  actionpack (4.2.0.beta2) lib/action_dispatch/middleware/request_id.rb:21:in `call'
  rack (1.6.4) lib/rack/methodoverride.rb:22:in `call'
  rack (1.6.4) lib/rack/runtime.rb:18:in `call'
  activesupport (4.2.0.beta2) lib/active_support/cache/strategy/local_cache_middleware.rb:28:in `call'
  rack (1.6.4) lib/rack/lock.rb:17:in `call'
  actionpack (4.2.0.beta2) lib/action_dispatch/middleware/static.rb:103:in `call'
  rack (1.6.4) lib/rack/sendfile.rb:113:in `call'
  railties (4.2.0.beta2) lib/rails/engine.rb:514:in `call'
  railties (4.2.0.beta2) lib/rails/application.rb:161:in `call'
  rack (1.6.4) lib/rack/lock.rb:17:in `call'
  rack (1.6.4) lib/rack/content_length.rb:15:in `call'
  rack (1.6.4) lib/rack/handler/webrick.rb:88:in `service'
  /usr/local/rvm/rubies/ruby-2.3.0/lib/ruby/2.3.0/webrick/httpserver.rb:140:in `service'
  /usr/local/rvm/rubies/ruby-2.3.0/lib/ruby/2.3.0/webrick/httpserver.rb:96:in `run'
  /usr/local/rvm/rubies/ruby-2.3.0/lib/ruby/2.3.0/webrick/server.rb:296:in `block in start_thread'


  Rendered /usr/local/rvm/gems/ruby-2.3.0/gems/web-console-2.0.0/lib/action_dispatch/templates/rescues/_source.erb (4.9ms)
  Rendered /usr/local/rvm/gems/ruby-2.3.0/gems/web-console-2.0.0/lib/action_dispatch/templates/rescues/_trace.html.erb (2.7ms)
  Rendered /usr/local/rvm/gems/ruby-2.3.0/gems/web-console-2.0.0/lib/action_dispatch/templates/rescues/_request_and_response.html.erb (3.9ms)
  Rendered /usr/local/rvm/gems/ruby-2.3.0/gems/web-console-2.0.0/lib/action_dispatch/templates/rescues/_web_console.html.erb (1.6ms)
  Rendered /usr/local/rvm/gems/ruby-2.3.0/gems/web-console-2.0.0/lib/action_dispatch/templates/rescues/diagnostics.html.erb within rescues/layout (156.1ms)
  [1m[36m (27.2ms)[0m  [1mCREATE TABLE "schema_migrations" ("version" varchar NOT NULL) [0m
  [1m[35m (0.2ms)[0m  select sqlite_version(*)
  [1m[36m (13.3ms)[0m  [1mCREATE UNIQUE INDEX "unique_schema_migrations" ON "schema_migrations" ("version")[0m
  [1m[35mActiveRecord::SchemaMigration Load (0.2ms)[0m  SELECT "schema_migrations".* FROM "schema_migrations"
Migrating to CreateUsers (20160507001124)
  [1m[36m (0.2ms)[0m  [1mbegin transaction[0m
DEPRECATION WARNING: `timestamp` was called without specifying an option for `null`. In Rails 5.0, this behavior will change to `null: false`. You should manually specify `null: true` to prevent the behavior of your existing migrations from changing. (called from block in change at /home/ubuntu/workspace/awesome_event/db/migrate/20160507001124_create_users.rb:8)
  [1m[35m (0.6ms)[0m  CREATE TABLE "users" ("id" INTEGER PRIMARY KEY AUTOINCREMENT NOT NULL, "provider" varchar NOT NULL, "uid" varchar NOT NULL, "nickname" varchar NOT NULL, "image_url" varchar NOT NULL, "created_at" datetime, "updated_at" datetime) 
  [1m[36m (12.2ms)[0m  [1mCREATE UNIQUE INDEX "index_users_on_provider_and_uid" ON "users" ("provider", "uid")[0m
  [1m[35mSQL (0.4ms)[0m  INSERT INTO "schema_migrations" ("version") VALUES (?)  [["version", "20160507001124"]]
  [1m[36m (18.8ms)[0m  [1mcommit transaction[0m
  [1m[35mActiveRecord::SchemaMigration Load (0.4ms)[0m  SELECT "schema_migrations".* FROM "schema_migrations"
  [1m[36m (0.3ms)[0m  [1m            SELECT sql
            FROM sqlite_master
            WHERE name='index_users_on_provider_and_uid' AND type='index'
            UNION ALL
            SELECT sql
            FROM sqlite_temp_master
            WHERE name='index_users_on_provider_and_uid' AND type='index'
[0m


Started GET "/" for 10.240.0.214 at 2016-06-03 15:28:31 +0000
  [1m[36mActiveRecord::SchemaMigration Load (0.2ms)[0m  [1mSELECT "schema_migrations".* FROM "schema_migrations"[0m
Processing by WelcomeController#index as HTML
  Rendered welcome/index.html.erb within layouts/application (3.4ms)
Completed 200 OK in 436ms (Views: 420.2ms | ActiveRecord: 0.0ms)


Started GET "/assets/sessions.self-e3b0c44298fc1c149afbf4c8996fb92427ae41e4649b934ca495991b7852b855.css?body=1" for 10.240.0.213 at 2016-06-03 15:28:32 +0000


Started GET "/assets/application.self-baad7cc5aaabe39a05438aad79a8eddc0627b760122f9e7277549906cf6650af.css?body=1" for 10.240.0.213 at 2016-06-03 15:28:32 +0000


Started GET "/assets/welcome.self-e3b0c44298fc1c149afbf4c8996fb92427ae41e4649b934ca495991b7852b855.css?body=1" for 10.240.0.136 at 2016-06-03 15:28:32 +0000


Started GET "/assets/jquery_ujs.self-7551f3212860c6b103730601ff759a4eb7ae7f3469774a48f52d51ba5fd0a0b3.js?body=1" for 10.240.0.214 at 2016-06-03 15:28:32 +0000


Started GET "/assets/jquery.self-4c7649dd655c61cb850cfd2e71f937c3bbf3e3a752a3499ed8bb9884473fe1dd.js?body=1" for 10.240.0.211 at 2016-06-03 15:28:32 +0000


Started GET "/assets/bootstrap.min.self-66fe84b79c6d5db31355296a8c9627d232721fe3ac3c31f3554ccc7e999279b6.css?body=1" for 10.240.0.240 at 2016-06-03 15:28:32 +0000


Started GET "/assets/turbolinks.self-c37727e9bd6b2735da5c311aa83fead54ed0be6cc8bd9a65309e9c5abe2cbfff.js?body=1" for 10.240.0.157 at 2016-06-03 15:28:32 +0000


Started GET "/assets/bootstrap.min.self-d475868eedd65d9ab19f96e8574a2c8ce91ba7d64b8bbfa47cd55591a956ed67.js?body=1" for 10.240.0.136 at 2016-06-03 15:28:32 +0000


Started GET "/assets/sessions.self-877aef30ae1b040ab8a3aba4e3e309a11d7f2612f44dde450b5c157aa5f95c05.js?body=1" for 10.240.0.213 at 2016-06-03 15:28:32 +0000


Started GET "/assets/welcome.self-877aef30ae1b040ab8a3aba4e3e309a11d7f2612f44dde450b5c157aa5f95c05.js?body=1" for 10.240.0.214 at 2016-06-03 15:28:32 +0000


Started GET "/assets/application.self-120f3cf1cb67bea53c4a2a57336b34ca04b04b55a55c38cf76ce20a147e5eff9.js?body=1" for 10.240.0.211 at 2016-06-03 15:28:32 +0000


Started GET "/auth/twitter" for 10.240.0.214 at 2016-06-03 15:28:34 +0000

OAuth::Unauthorized (401 Authorization Required):
  oauth (0.5.1) lib/oauth/consumer.rb:217:in `token_request'
  oauth (0.5.1) lib/oauth/consumer.rb:136:in `get_request_token'
  omniauth-oauth (1.1.0) lib/omniauth/strategies/oauth.rb:28:in `request_phase'
  omniauth-twitter (1.0.1) lib/omniauth/strategies/twitter.rb:60:in `request_phase'
  omniauth (1.2.2) lib/omniauth/strategy.rb:215:in `request_call'
  omniauth (1.2.2) lib/omniauth/strategy.rb:183:in `call!'
  omniauth (1.2.2) lib/omniauth/strategy.rb:164:in `call'
  omniauth (1.2.2) lib/omniauth/builder.rb:59:in `call'
  rack (1.6.4) lib/rack/etag.rb:24:in `call'
  rack (1.6.4) lib/rack/conditionalget.rb:25:in `call'
  rack (1.6.4) lib/rack/head.rb:13:in `call'
  actionpack (4.2.0.beta2) lib/action_dispatch/middleware/params_parser.rb:27:in `call'
  actionpack (4.2.0.beta2) lib/action_dispatch/middleware/flash.rb:257:in `call'
  rack (1.6.4) lib/rack/session/abstract/id.rb:225:in `context'
  rack (1.6.4) lib/rack/session/abstract/id.rb:220:in `call'
  actionpack (4.2.0.beta2) lib/action_dispatch/middleware/cookies.rb:558:in `call'
  activerecord (4.2.0.beta2) lib/active_record/query_cache.rb:36:in `call'
  activerecord (4.2.0.beta2) lib/active_record/connection_adapters/abstract/connection_pool.rb:645:in `call'
  activerecord (4.2.0.beta2) lib/active_record/migration.rb:378:in `call'
  actionpack (4.2.0.beta2) lib/action_dispatch/middleware/callbacks.rb:29:in `block in call'
  activesupport (4.2.0.beta2) lib/active_support/callbacks.rb:83:in `run_callbacks'
  actionpack (4.2.0.beta2) lib/action_dispatch/middleware/callbacks.rb:27:in `call'
  actionpack (4.2.0.beta2) lib/action_dispatch/middleware/reloader.rb:73:in `call'
  actionpack (4.2.0.beta2) lib/action_dispatch/middleware/remote_ip.rb:78:in `call'
  web-console (2.0.0) lib/action_dispatch/debug_exceptions.rb:18:in `middleware_call'
  web-console (2.0.0) lib/action_dispatch/debug_exceptions.rb:13:in `call'
  actionpack (4.2.0.beta2) lib/action_dispatch/middleware/show_exceptions.rb:30:in `call'
  railties (4.2.0.beta2) lib/rails/rack/logger.rb:38:in `call_app'
  railties (4.2.0.beta2) lib/rails/rack/logger.rb:20:in `block in call'
  activesupport (4.2.0.beta2) lib/active_support/tagged_logging.rb:68:in `block in tagged'
  activesupport (4.2.0.beta2) lib/active_support/tagged_logging.rb:26:in `tagged'
  activesupport (4.2.0.beta2) lib/active_support/tagged_logging.rb:68:in `tagged'
  railties (4.2.0.beta2) lib/rails/rack/logger.rb:20:in `call'
  actionpack (4.2.0.beta2) lib/action_dispatch/middleware/request_id.rb:21:in `call'
  rack (1.6.4) lib/rack/methodoverride.rb:22:in `call'
  rack (1.6.4) lib/rack/runtime.rb:18:in `call'
  activesupport (4.2.0.beta2) lib/active_support/cache/strategy/local_cache_middleware.rb:28:in `call'
  rack (1.6.4) lib/rack/lock.rb:17:in `call'
  actionpack (4.2.0.beta2) lib/action_dispatch/middleware/static.rb:103:in `call'
  rack (1.6.4) lib/rack/sendfile.rb:113:in `call'
  railties (4.2.0.beta2) lib/rails/engine.rb:514:in `call'
  railties (4.2.0.beta2) lib/rails/application.rb:161:in `call'
  rack (1.6.4) lib/rack/lock.rb:17:in `call'
  rack (1.6.4) lib/rack/content_length.rb:15:in `call'
  rack (1.6.4) lib/rack/handler/webrick.rb:88:in `service'
  /usr/local/rvm/rubies/ruby-2.3.0/lib/ruby/2.3.0/webrick/httpserver.rb:140:in `service'
  /usr/local/rvm/rubies/ruby-2.3.0/lib/ruby/2.3.0/webrick/httpserver.rb:96:in `run'
  /usr/local/rvm/rubies/ruby-2.3.0/lib/ruby/2.3.0/webrick/server.rb:296:in `block in start_thread'


  Rendered /usr/local/rvm/gems/ruby-2.3.0/gems/web-console-2.0.0/lib/action_dispatch/templates/rescues/_source.erb (13.3ms)
  Rendered /usr/local/rvm/gems/ruby-2.3.0/gems/web-console-2.0.0/lib/action_dispatch/templates/rescues/_trace.html.erb (3.2ms)
  Rendered /usr/local/rvm/gems/ruby-2.3.0/gems/web-console-2.0.0/lib/action_dispatch/templates/rescues/_request_and_response.html.erb (1.4ms)
  Rendered /usr/local/rvm/gems/ruby-2.3.0/gems/web-console-2.0.0/lib/action_dispatch/templates/rescues/_web_console.html.erb (1.3ms)
  Rendered /usr/local/rvm/gems/ruby-2.3.0/gems/web-console-2.0.0/lib/action_dispatch/templates/rescues/diagnostics.html.erb within rescues/layout (101.0ms)


Started GET "/auth/twitter" for 10.240.0.214 at 2016-06-03 15:28:36 +0000

OAuth::Unauthorized (401 Authorization Required):
  oauth (0.5.1) lib/oauth/consumer.rb:217:in `token_request'
  oauth (0.5.1) lib/oauth/consumer.rb:136:in `get_request_token'
  omniauth-oauth (1.1.0) lib/omniauth/strategies/oauth.rb:28:in `request_phase'
  omniauth-twitter (1.0.1) lib/omniauth/strategies/twitter.rb:60:in `request_phase'
  omniauth (1.2.2) lib/omniauth/strategy.rb:215:in `request_call'
  omniauth (1.2.2) lib/omniauth/strategy.rb:183:in `call!'
  omniauth (1.2.2) lib/omniauth/strategy.rb:164:in `call'
  omniauth (1.2.2) lib/omniauth/builder.rb:59:in `call'
  rack (1.6.4) lib/rack/etag.rb:24:in `call'
  rack (1.6.4) lib/rack/conditionalget.rb:25:in `call'
  rack (1.6.4) lib/rack/head.rb:13:in `call'
  actionpack (4.2.0.beta2) lib/action_dispatch/middleware/params_parser.rb:27:in `call'
  actionpack (4.2.0.beta2) lib/action_dispatch/middleware/flash.rb:257:in `call'
  rack (1.6.4) lib/rack/session/abstract/id.rb:225:in `context'
  rack (1.6.4) lib/rack/session/abstract/id.rb:220:in `call'
  actionpack (4.2.0.beta2) lib/action_dispatch/middleware/cookies.rb:558:in `call'
  activerecord (4.2.0.beta2) lib/active_record/query_cache.rb:36:in `call'
  activerecord (4.2.0.beta2) lib/active_record/connection_adapters/abstract/connection_pool.rb:645:in `call'
  activerecord (4.2.0.beta2) lib/active_record/migration.rb:378:in `call'
  actionpack (4.2.0.beta2) lib/action_dispatch/middleware/callbacks.rb:29:in `block in call'
  activesupport (4.2.0.beta2) lib/active_support/callbacks.rb:83:in `run_callbacks'
  actionpack (4.2.0.beta2) lib/action_dispatch/middleware/callbacks.rb:27:in `call'
  actionpack (4.2.0.beta2) lib/action_dispatch/middleware/reloader.rb:73:in `call'
  actionpack (4.2.0.beta2) lib/action_dispatch/middleware/remote_ip.rb:78:in `call'
  web-console (2.0.0) lib/action_dispatch/debug_exceptions.rb:18:in `middleware_call'
  web-console (2.0.0) lib/action_dispatch/debug_exceptions.rb:13:in `call'
  actionpack (4.2.0.beta2) lib/action_dispatch/middleware/show_exceptions.rb:30:in `call'
  railties (4.2.0.beta2) lib/rails/rack/logger.rb:38:in `call_app'
  railties (4.2.0.beta2) lib/rails/rack/logger.rb:20:in `block in call'
  activesupport (4.2.0.beta2) lib/active_support/tagged_logging.rb:68:in `block in tagged'
  activesupport (4.2.0.beta2) lib/active_support/tagged_logging.rb:26:in `tagged'
  activesupport (4.2.0.beta2) lib/active_support/tagged_logging.rb:68:in `tagged'
  railties (4.2.0.beta2) lib/rails/rack/logger.rb:20:in `call'
  actionpack (4.2.0.beta2) lib/action_dispatch/middleware/request_id.rb:21:in `call'
  rack (1.6.4) lib/rack/methodoverride.rb:22:in `call'
  rack (1.6.4) lib/rack/runtime.rb:18:in `call'
  activesupport (4.2.0.beta2) lib/active_support/cache/strategy/local_cache_middleware.rb:28:in `call'
  rack (1.6.4) lib/rack/lock.rb:17:in `call'
  actionpack (4.2.0.beta2) lib/action_dispatch/middleware/static.rb:103:in `call'
  rack (1.6.4) lib/rack/sendfile.rb:113:in `call'
  railties (4.2.0.beta2) lib/rails/engine.rb:514:in `call'
  railties (4.2.0.beta2) lib/rails/application.rb:161:in `call'
  rack (1.6.4) lib/rack/lock.rb:17:in `call'
  rack (1.6.4) lib/rack/content_length.rb:15:in `call'
  rack (1.6.4) lib/rack/handler/webrick.rb:88:in `service'
  /usr/local/rvm/rubies/ruby-2.3.0/lib/ruby/2.3.0/webrick/httpserver.rb:140:in `service'
  /usr/local/rvm/rubies/ruby-2.3.0/lib/ruby/2.3.0/webrick/httpserver.rb:96:in `run'
  /usr/local/rvm/rubies/ruby-2.3.0/lib/ruby/2.3.0/webrick/server.rb:296:in `block in start_thread'


  Rendered /usr/local/rvm/gems/ruby-2.3.0/gems/web-console-2.0.0/lib/action_dispatch/templates/rescues/_source.erb (15.0ms)
  Rendered /usr/local/rvm/gems/ruby-2.3.0/gems/web-console-2.0.0/lib/action_dispatch/templates/rescues/_trace.html.erb (3.3ms)
  Rendered /usr/local/rvm/gems/ruby-2.3.0/gems/web-console-2.0.0/lib/action_dispatch/templates/rescues/_request_and_response.html.erb (1.5ms)
  Rendered /usr/local/rvm/gems/ruby-2.3.0/gems/web-console-2.0.0/lib/action_dispatch/templates/rescues/_web_console.html.erb (1.5ms)
  Rendered /usr/local/rvm/gems/ruby-2.3.0/gems/web-console-2.0.0/lib/action_dispatch/templates/rescues/diagnostics.html.erb within rescues/layout (115.7ms)


Started GET "/" for 10.240.0.214 at 2016-06-03 16:29:46 +0000
  [1m[36mActiveRecord::SchemaMigration Load (0.3ms)[0m  [1mSELECT "schema_migrations".* FROM "schema_migrations"[0m

ActionController::RoutingError (uninitialized constant HomeController):
  activesupport (4.2.0.beta2) lib/active_support/inflector/methods.rb:261:in `const_get'
  activesupport (4.2.0.beta2) lib/active_support/inflector/methods.rb:261:in `block in constantize'
  activesupport (4.2.0.beta2) lib/active_support/inflector/methods.rb:259:in `each'
  activesupport (4.2.0.beta2) lib/active_support/inflector/methods.rb:259:in `inject'
  activesupport (4.2.0.beta2) lib/active_support/inflector/methods.rb:259:in `constantize'
  actionpack (4.2.0.beta2) lib/action_dispatch/routing/route_set.rb:68:in `controller_reference'
  actionpack (4.2.0.beta2) lib/action_dispatch/routing/route_set.rb:58:in `controller'
  actionpack (4.2.0.beta2) lib/action_dispatch/routing/route_set.rb:37:in `serve'
  actionpack (4.2.0.beta2) lib/action_dispatch/journey/router.rb:43:in `block in serve'
  actionpack (4.2.0.beta2) lib/action_dispatch/journey/router.rb:30:in `each'
  actionpack (4.2.0.beta2) lib/action_dispatch/journey/router.rb:30:in `serve'
  actionpack (4.2.0.beta2) lib/action_dispatch/routing/route_set.rb:750:in `call'
  omniauth (1.2.2) lib/omniauth/strategy.rb:186:in `call!'
  omniauth (1.2.2) lib/omniauth/strategy.rb:164:in `call'
  omniauth (1.2.2) lib/omniauth/builder.rb:59:in `call'
  rack (1.6.4) lib/rack/etag.rb:24:in `call'
  rack (1.6.4) lib/rack/conditionalget.rb:25:in `call'
  rack (1.6.4) lib/rack/head.rb:13:in `call'
  actionpack (4.2.0.beta2) lib/action_dispatch/middleware/params_parser.rb:27:in `call'
  actionpack (4.2.0.beta2) lib/action_dispatch/middleware/flash.rb:257:in `call'
  rack (1.6.4) lib/rack/session/abstract/id.rb:225:in `context'
  rack (1.6.4) lib/rack/session/abstract/id.rb:220:in `call'
  actionpack (4.2.0.beta2) lib/action_dispatch/middleware/cookies.rb:558:in `call'
  activerecord (4.2.0.beta2) lib/active_record/query_cache.rb:36:in `call'
  activerecord (4.2.0.beta2) lib/active_record/connection_adapters/abstract/connection_pool.rb:645:in `call'
  activerecord (4.2.0.beta2) lib/active_record/migration.rb:378:in `call'
  actionpack (4.2.0.beta2) lib/action_dispatch/middleware/callbacks.rb:29:in `block in call'
  activesupport (4.2.0.beta2) lib/active_support/callbacks.rb:83:in `run_callbacks'
  actionpack (4.2.0.beta2) lib/action_dispatch/middleware/callbacks.rb:27:in `call'
  actionpack (4.2.0.beta2) lib/action_dispatch/middleware/reloader.rb:73:in `call'
  actionpack (4.2.0.beta2) lib/action_dispatch/middleware/remote_ip.rb:78:in `call'
  web-console (2.0.0) lib/action_dispatch/debug_exceptions.rb:18:in `middleware_call'
  web-console (2.0.0) lib/action_dispatch/debug_exceptions.rb:13:in `call'
  actionpack (4.2.0.beta2) lib/action_dispatch/middleware/show_exceptions.rb:30:in `call'
  railties (4.2.0.beta2) lib/rails/rack/logger.rb:38:in `call_app'
  railties (4.2.0.beta2) lib/rails/rack/logger.rb:20:in `block in call'
  activesupport (4.2.0.beta2) lib/active_support/tagged_logging.rb:68:in `block in tagged'
  activesupport (4.2.0.beta2) lib/active_support/tagged_logging.rb:26:in `tagged'
  activesupport (4.2.0.beta2) lib/active_support/tagged_logging.rb:68:in `tagged'
  railties (4.2.0.beta2) lib/rails/rack/logger.rb:20:in `call'
  actionpack (4.2.0.beta2) lib/action_dispatch/middleware/request_id.rb:21:in `call'
  rack (1.6.4) lib/rack/methodoverride.rb:22:in `call'
  rack (1.6.4) lib/rack/runtime.rb:18:in `call'
  activesupport (4.2.0.beta2) lib/active_support/cache/strategy/local_cache_middleware.rb:28:in `call'
  rack (1.6.4) lib/rack/lock.rb:17:in `call'
  actionpack (4.2.0.beta2) lib/action_dispatch/middleware/static.rb:103:in `call'
  rack (1.6.4) lib/rack/sendfile.rb:113:in `call'
  railties (4.2.0.beta2) lib/rails/engine.rb:514:in `call'
  railties (4.2.0.beta2) lib/rails/application.rb:161:in `call'
  rack (1.6.4) lib/rack/lock.rb:17:in `call'
  rack (1.6.4) lib/rack/content_length.rb:15:in `call'
  rack (1.6.4) lib/rack/handler/webrick.rb:88:in `service'
  /usr/local/rvm/rubies/ruby-2.3.0/lib/ruby/2.3.0/webrick/httpserver.rb:140:in `service'
  /usr/local/rvm/rubies/ruby-2.3.0/lib/ruby/2.3.0/webrick/httpserver.rb:96:in `run'
  /usr/local/rvm/rubies/ruby-2.3.0/lib/ruby/2.3.0/webrick/server.rb:296:in `block in start_thread'


  Rendered /usr/local/rvm/gems/ruby-2.3.0/gems/web-console-2.0.0/lib/action_dispatch/templates/rescues/_trace.html.erb (2.1ms)
  Rendered /usr/local/rvm/gems/ruby-2.3.0/gems/web-console-2.0.0/lib/action_dispatch/templates/routes/_route.html.erb (1.8ms)
  Rendered /usr/local/rvm/gems/ruby-2.3.0/gems/web-console-2.0.0/lib/action_dispatch/templates/routes/_table.html.erb (52.5ms)
  Rendered /usr/local/rvm/gems/ruby-2.3.0/gems/web-console-2.0.0/lib/action_dispatch/templates/rescues/_request_and_response.html.erb (33.5ms)
  Rendered /usr/local/rvm/gems/ruby-2.3.0/gems/web-console-2.0.0/lib/action_dispatch/templates/rescues/_web_console.html.erb (1.4ms)
  Rendered /usr/local/rvm/gems/ruby-2.3.0/gems/web-console-2.0.0/lib/action_dispatch/templates/rescues/routing_error.html.erb within rescues/layout (259.6ms)


Started GET "/" for 10.240.0.136 at 2016-06-03 16:34:58 +0000
  [1m[36mActiveRecord::SchemaMigration Load (0.2ms)[0m  [1mSELECT "schema_migrations".* FROM "schema_migrations"[0m
Processing by WelcomeController#index as HTML
  Rendered welcome/index.html.erb within layouts/application (5.8ms)
Completed 200 OK in 351ms (Views: 337.9ms | ActiveRecord: 0.0ms)


Started GET "/assets/sessions.self-e3b0c44298fc1c149afbf4c8996fb92427ae41e4649b934ca495991b7852b855.css?body=1" for 10.240.0.136 at 2016-06-03 16:34:59 +0000


Started GET "/assets/jquery.self-4c7649dd655c61cb850cfd2e71f937c3bbf3e3a752a3499ed8bb9884473fe1dd.js?body=1" for 10.240.0.136 at 2016-06-03 16:34:59 +0000


Started GET "/assets/welcome.self-e3b0c44298fc1c149afbf4c8996fb92427ae41e4649b934ca495991b7852b855.css?body=1" for 10.240.0.211 at 2016-06-03 16:34:59 +0000


Started GET "/assets/bootstrap.min.self-66fe84b79c6d5db31355296a8c9627d232721fe3ac3c31f3554ccc7e999279b6.css?body=1" for 10.240.0.230 at 2016-06-03 16:34:59 +0000


Started GET "/assets/application.self-baad7cc5aaabe39a05438aad79a8eddc0627b760122f9e7277549906cf6650af.css?body=1" for 10.240.0.214 at 2016-06-03 16:34:59 +0000


Started GET "/assets/turbolinks.self-c37727e9bd6b2735da5c311aa83fead54ed0be6cc8bd9a65309e9c5abe2cbfff.js?body=1" for 10.240.0.136 at 2016-06-03 16:34:59 +0000


Started GET "/assets/jquery_ujs.self-7551f3212860c6b103730601ff759a4eb7ae7f3469774a48f52d51ba5fd0a0b3.js?body=1" for 10.240.0.212 at 2016-06-03 16:34:59 +0000


Started GET "/assets/bootstrap.min.self-d475868eedd65d9ab19f96e8574a2c8ce91ba7d64b8bbfa47cd55591a956ed67.js?body=1" for 10.240.0.211 at 2016-06-03 16:34:59 +0000


Started GET "/assets/sessions.self-877aef30ae1b040ab8a3aba4e3e309a11d7f2612f44dde450b5c157aa5f95c05.js?body=1" for 10.240.0.211 at 2016-06-03 16:34:59 +0000


Started GET "/assets/welcome.self-877aef30ae1b040ab8a3aba4e3e309a11d7f2612f44dde450b5c157aa5f95c05.js?body=1" for 10.240.0.230 at 2016-06-03 16:34:59 +0000


Started GET "/assets/application.self-120f3cf1cb67bea53c4a2a57336b34ca04b04b55a55c38cf76ce20a147e5eff9.js?body=1" for 10.240.0.214 at 2016-06-03 16:34:59 +0000


Started GET "/auth/twitter" for 10.240.0.211 at 2016-06-03 16:35:01 +0000


Started GET "/auth/twitter" for 10.240.0.212 at 2016-06-03 16:35:03 +0000


Started GET "/auth/twitter/callback?oauth_token=P9vg9wAAAAAAvfD5AAABVRceNmc&oauth_verifier=Dc8gwE44knk9X50vjPOBVSQF4OwWgaMT" for 10.240.0.212 at 2016-06-03 16:35:17 +0000

SyntaxError (/home/ubuntu/workspace/awesome_event/app/controllers/sessions_controller.rb:4: syntax error, unexpected tIDENTIFIER, expecting ')'
        session[:user_id] = user.id
               ^
/home/ubuntu/workspace/awesome_event/app/controllers/sessions_controller.rb:6: syntax error, unexpected end-of-input, expecting keyword_end
    end
       ^):
  app/controllers/sessions_controller.rb:4: syntax error, unexpected tIDENTIFIER, expecting ')'
  app/controllers/sessions_controller.rb:6: syntax error, unexpected end-of-input, expecting keyword_end


  Rendered /usr/local/rvm/gems/ruby-2.3.0/gems/web-console-2.0.0/lib/action_dispatch/templates/rescues/_source.erb (18.7ms)
  Rendered /usr/local/rvm/gems/ruby-2.3.0/gems/web-console-2.0.0/lib/action_dispatch/templates/rescues/_trace.html.erb (5.3ms)
  Rendered /usr/local/rvm/gems/ruby-2.3.0/gems/web-console-2.0.0/lib/action_dispatch/templates/rescues/_request_and_response.html.erb (1.4ms)
  Rendered /usr/local/rvm/gems/ruby-2.3.0/gems/web-console-2.0.0/lib/action_dispatch/templates/rescues/_web_console.html.erb (1.3ms)
  Rendered /usr/local/rvm/gems/ruby-2.3.0/gems/web-console-2.0.0/lib/action_dispatch/templates/rescues/diagnostics.html.erb within rescues/layout (102.4ms)


Started GET "/" for 10.240.0.211 at 2016-06-03 16:37:37 +0000
  [1m[36mActiveRecord::SchemaMigration Load (0.3ms)[0m  [1mSELECT "schema_migrations".* FROM "schema_migrations"[0m
Processing by WelcomeController#index as HTML
  Rendered welcome/index.html.erb within layouts/application (3.2ms)
Completed 200 OK in 348ms (Views: 334.6ms | ActiveRecord: 0.0ms)


Started GET "/auth/twitter" for 10.240.0.213 at 2016-06-03 16:37:40 +0000


Started GET "/auth/twitter" for 10.240.0.213 at 2016-06-03 16:37:41 +0000


Started GET "/auth/twitter/callback?oauth_token=UJZSpQAAAAAAvfD5AAABVRcgno4&oauth_verifier=a3NGg0SUsJUG9XYWdJkKqIAPb2eh7GHT" for 10.240.0.213 at 2016-06-03 16:37:43 +0000
Processing by SessionsController#create as HTML
  Parameters: {"oauth_token"=>"UJZSpQAAAAAAvfD5AAABVRcgno4", "oauth_verifier"=>"a3NGg0SUsJUG9XYWdJkKqIAPb2eh7GHT", "provider"=>"twitter"}
  [1m[35mUser Load (0.3ms)[0m  SELECT  "users".* FROM "users" WHERE "users"."provider" = ? AND "users"."uid" = ? LIMIT 1  [["provider", "twitter"], ["uid", "146005103"]]
  [1m[36m (0.1ms)[0m  [1mbegin transaction[0m
  [1m[35mSQL (0.8ms)[0m  INSERT INTO "users" ("created_at", "image_url", "nickname", "provider", "uid", "updated_at") VALUES (?, ?, ?, ?, ?, ?)  [["created_at", "2016-06-03 16:37:44.960686"], ["image_url", "http://pbs.twimg.com/profile_images/601172701131083777/rnHzu5wB_normal.jpg"], ["nickname", "ayasamind"], ["provider", "twitter"], ["uid", "146005103"], ["updated_at", "2016-06-03 16:37:44.960686"]]
  [1m[36m (14.5ms)[0m  [1mcommit transaction[0m
Redirected to http://ruby-practice-ayasamind.c9users.io:8080/
Completed 302 Found in 59ms (ActiveRecord: 16.4ms)


Started GET "/" for 10.240.0.213 at 2016-06-03 16:37:45 +0000
Processing by WelcomeController#index as HTML
  Rendered welcome/index.html.erb within layouts/application (0.1ms)
Completed 200 OK in 38ms (Views: 37.6ms | ActiveRecord: 0.0ms)


Started GET "/" for 10.240.0.212 at 2016-06-03 16:42:54 +0000
  [1m[36mActiveRecord::SchemaMigration Load (0.2ms)[0m  [1mSELECT "schema_migrations".* FROM "schema_migrations"[0m
Processing by WelcomeController#index as HTML
  Rendered welcome/index.html.erb within layouts/application (9.4ms)
Completed 200 OK in 366ms (Views: 352.6ms | ActiveRecord: 0.0ms)


Started GET "/auth/twitter" for 10.240.0.211 at 2016-06-03 16:42:56 +0000


Started GET "/auth/twitter" for 10.240.0.230 at 2016-06-03 16:42:58 +0000


Started GET "/auth/twitter/callback?oauth_token=gYvSlAAAAAAAvfD5AAABVRcldWo&oauth_verifier=X5yQDjpOp4BHcH0fH504TGi0zJBTQAPh" for 10.240.0.213 at 2016-06-03 16:43:03 +0000
Processing by SessionsController#create as HTML
  Parameters: {"oauth_token"=>"gYvSlAAAAAAAvfD5AAABVRcldWo", "oauth_verifier"=>"X5yQDjpOp4BHcH0fH504TGi0zJBTQAPh", "provider"=>"twitter"}
  [1m[35mUser Load (0.3ms)[0m  SELECT  "users".* FROM "users" WHERE "users"."provider" = ? AND "users"."uid" = ? LIMIT 1  [["provider", "twitter"], ["uid", "146005103"]]
Redirected to http://ruby-practice-ayasamind.c9users.io:8080/
Completed 302 Found in 30ms (ActiveRecord: 1.0ms)


Started GET "/" for 10.240.0.230 at 2016-06-03 16:43:05 +0000
Processing by WelcomeController#index as HTML
  Rendered welcome/index.html.erb within layouts/application (0.1ms)
Completed 200 OK in 35ms (Views: 33.9ms | ActiveRecord: 0.0ms)


Started GET "/" for 10.240.0.240 at 2016-06-03 17:32:59 +0000
  [1m[36mActiveRecord::SchemaMigration Load (0.2ms)[0m  [1mSELECT "schema_migrations".* FROM "schema_migrations"[0m
Processing by WelcomeController#index as HTML
  Rendered welcome/index.html.erb within layouts/application (3.7ms)
Completed 200 OK in 359ms (Views: 343.5ms | ActiveRecord: 0.0ms)


Started GET "/auth/twitter" for 10.240.0.240 at 2016-06-03 17:33:12 +0000


Started GET "/auth/twitter" for 10.240.0.211 at 2016-06-03 17:33:13 +0000


Started GET "/auth/twitter/callback?oauth_token=6-9tOQAAAAAAvfD5AAABVRdTebg&oauth_verifier=OmKHgSLCB8lYRJFZrkG8gUvkxvV19omW" for 10.240.0.213 at 2016-06-03 17:33:19 +0000
Processing by SessionsController#create as HTML
  Parameters: {"oauth_token"=>"6-9tOQAAAAAAvfD5AAABVRdTebg", "oauth_verifier"=>"OmKHgSLCB8lYRJFZrkG8gUvkxvV19omW", "provider"=>"twitter"}
  [1m[35mUser Load (0.4ms)[0m  SELECT  "users".* FROM "users" WHERE "users"."provider" = ? AND "users"."uid" = ? LIMIT 1  [["provider", "twitter"], ["uid", "146005103"]]
Redirected to http://ruby-practice-ayasamind.c9users.io:8080/
Completed 302 Found in 31ms (ActiveRecord: 1.1ms)


Started GET "/" for 10.240.0.212 at 2016-06-03 17:33:21 +0000
Processing by WelcomeController#index as HTML
  Rendered welcome/index.html.erb within layouts/application (0.1ms)
Completed 200 OK in 79ms (Views: 78.0ms | ActiveRecord: 0.0ms)


Started GET "/" for 10.240.0.157 at 2016-06-03 17:41:38 +0000
  [1m[36mActiveRecord::SchemaMigration Load (0.2ms)[0m  [1mSELECT "schema_migrations".* FROM "schema_migrations"[0m
Processing by WelcomeController#index as HTML
  Rendered welcome/index.html.erb within layouts/application (3.5ms)
Completed 200 OK in 347ms (Views: 328.5ms | ActiveRecord: 0.0ms)


Started GET "/assets/sessions.self-e3b0c44298fc1c149afbf4c8996fb92427ae41e4649b934ca495991b7852b855.css?body=1" for 10.240.0.136 at 2016-06-03 17:41:40 +0000


Started GET "/assets/welcome.self-e3b0c44298fc1c149afbf4c8996fb92427ae41e4649b934ca495991b7852b855.css?body=1" for 10.240.0.136 at 2016-06-03 17:41:40 +0000


Started GET "/assets/bootstrap.min.self-66fe84b79c6d5db31355296a8c9627d232721fe3ac3c31f3554ccc7e999279b6.css?body=1" for 10.240.0.212 at 2016-06-03 17:41:40 +0000


Started GET "/assets/jquery_ujs.self-7551f3212860c6b103730601ff759a4eb7ae7f3469774a48f52d51ba5fd0a0b3.js?body=1" for 10.240.0.136 at 2016-06-03 17:41:40 +0000


Started GET "/assets/jquery.self-4c7649dd655c61cb850cfd2e71f937c3bbf3e3a752a3499ed8bb9884473fe1dd.js?body=1" for 10.240.0.157 at 2016-06-03 17:41:40 +0000


Started GET "/assets/application.self-baad7cc5aaabe39a05438aad79a8eddc0627b760122f9e7277549906cf6650af.css?body=1" for 10.240.0.211 at 2016-06-03 17:41:40 +0000


Started GET "/assets/turbolinks.self-c37727e9bd6b2735da5c311aa83fead54ed0be6cc8bd9a65309e9c5abe2cbfff.js?body=1" for 10.240.0.136 at 2016-06-03 17:41:40 +0000


Started GET "/assets/bootstrap.min.self-d475868eedd65d9ab19f96e8574a2c8ce91ba7d64b8bbfa47cd55591a956ed67.js?body=1" for 10.240.0.136 at 2016-06-03 17:41:40 +0000


Started GET "/assets/sessions.self-877aef30ae1b040ab8a3aba4e3e309a11d7f2612f44dde450b5c157aa5f95c05.js?body=1" for 10.240.0.136 at 2016-06-03 17:41:40 +0000


Started GET "/assets/welcome.self-877aef30ae1b040ab8a3aba4e3e309a11d7f2612f44dde450b5c157aa5f95c05.js?body=1" for 10.240.0.212 at 2016-06-03 17:41:40 +0000


Started GET "/assets/application.self-120f3cf1cb67bea53c4a2a57336b34ca04b04b55a55c38cf76ce20a147e5eff9.js?body=1" for 10.240.0.136 at 2016-06-03 17:41:40 +0000


Started GET "/" for 10.240.0.240 at 2016-06-03 17:41:44 +0000
Processing by WelcomeController#index as HTML
  Rendered welcome/index.html.erb within layouts/application (0.1ms)
Completed 200 OK in 108ms (Views: 105.4ms | ActiveRecord: 0.0ms)


Started GET "/assets/sessions.self-e3b0c44298fc1c149afbf4c8996fb92427ae41e4649b934ca495991b7852b855.css?body=1" for 10.240.0.136 at 2016-06-03 17:41:44 +0000


Started GET "/assets/welcome.self-e3b0c44298fc1c149afbf4c8996fb92427ae41e4649b934ca495991b7852b855.css?body=1" for 10.240.0.212 at 2016-06-03 17:41:44 +0000


Started GET "/assets/bootstrap.min.self-66fe84b79c6d5db31355296a8c9627d232721fe3ac3c31f3554ccc7e999279b6.css?body=1" for 10.240.0.211 at 2016-06-03 17:41:44 +0000


Started GET "/assets/jquery_ujs.self-7551f3212860c6b103730601ff759a4eb7ae7f3469774a48f52d51ba5fd0a0b3.js?body=1" for 10.240.0.240 at 2016-06-03 17:41:44 +0000


Started GET "/assets/jquery.self-4c7649dd655c61cb850cfd2e71f937c3bbf3e3a752a3499ed8bb9884473fe1dd.js?body=1" for 10.240.0.157 at 2016-06-03 17:41:44 +0000


Started GET "/assets/application.self-baad7cc5aaabe39a05438aad79a8eddc0627b760122f9e7277549906cf6650af.css?body=1" for 10.240.0.214 at 2016-06-03 17:41:44 +0000


Started GET "/assets/turbolinks.self-c37727e9bd6b2735da5c311aa83fead54ed0be6cc8bd9a65309e9c5abe2cbfff.js?body=1" for 10.240.0.136 at 2016-06-03 17:41:44 +0000


Started GET "/assets/bootstrap.min.self-d475868eedd65d9ab19f96e8574a2c8ce91ba7d64b8bbfa47cd55591a956ed67.js?body=1" for 10.240.0.212 at 2016-06-03 17:41:44 +0000


Started GET "/assets/sessions.self-877aef30ae1b040ab8a3aba4e3e309a11d7f2612f44dde450b5c157aa5f95c05.js?body=1" for 10.240.0.136 at 2016-06-03 17:41:44 +0000


Started GET "/assets/welcome.self-877aef30ae1b040ab8a3aba4e3e309a11d7f2612f44dde450b5c157aa5f95c05.js?body=1" for 10.240.0.211 at 2016-06-03 17:41:44 +0000


Started GET "/assets/application.self-120f3cf1cb67bea53c4a2a57336b34ca04b04b55a55c38cf76ce20a147e5eff9.js?body=1" for 10.240.0.136 at 2016-06-03 17:41:44 +0000


Started GET "/" for 10.240.0.157 at 2016-06-03 17:41:46 +0000
Processing by WelcomeController#index as HTML
  Rendered welcome/index.html.erb within layouts/application (0.1ms)
Completed 200 OK in 63ms (Views: 61.9ms | ActiveRecord: 0.0ms)


Started GET "/auth/twitter" for 10.240.0.136 at 2016-06-03 17:41:50 +0000


Started GET "/auth/twitter" for 10.240.0.240 at 2016-06-03 17:41:51 +0000


Started GET "/auth/twitter/callback?oauth_token=oakq1QAAAAAAvfD5AAABVRdbXs4&oauth_verifier=sn2dfgJlLcBOEJvRDhqHiXtlAYKgTIjg" for 10.240.0.136 at 2016-06-03 17:41:54 +0000
Processing by SessionsController#create as HTML
  Parameters: {"oauth_token"=>"oakq1QAAAAAAvfD5AAABVRdbXs4", "oauth_verifier"=>"sn2dfgJlLcBOEJvRDhqHiXtlAYKgTIjg", "provider"=>"twitter"}
  [1m[35mUser Load (0.3ms)[0m  SELECT  "users".* FROM "users" WHERE "users"."provider" = ? AND "users"."uid" = ? LIMIT 1  [["provider", "twitter"], ["uid", "146005103"]]
Redirected to http://ruby-practice-ayasamind.c9users.io:8080/
Completed 302 Found in 37ms (ActiveRecord: 0.9ms)


Started GET "/" for 10.240.0.136 at 2016-06-03 17:41:56 +0000
Processing by WelcomeController#index as HTML
  Rendered welcome/index.html.erb within layouts/application (0.1ms)
Completed 200 OK in 64ms (Views: 62.9ms | ActiveRecord: 0.0ms)
